
   Program  MARK  - Survival Rate Estimation with Capture-Recapture Data
   gfortran(Win64) Vers. 8.1 Mar 2016   30-Apr-2017 20:24:55    Page  001
 - - - - - - - - - - - - - - - - - - - - - - - - - - - - - - - - - - - - - -
 
   This version was compiled by GCC version 5.3.0 using the options: 
     -cpp -iprefix c:\tdm-gcc-64\gcc\bin\../lib/gcc/x86_64-w64-mingw32/5.3.0/ -D_MT
     -U_REENTRANT -D IEEE -m64 -mtune=generic -march=x86-64 -mthreads -O2
     -fimplicit-none -fbounds-check -funroll-loops -ftree-vectorize
     -ffpe-summary=invalid,zero,overflow,underflow -fno-unsafe-math-optimizations
     -frounding-math -fsignaling-nans -fopenmp.

   This problem will use 3 of 4 possible threads.


  INPUT --- proc title ;

     CPU Time in seconds for last procedure was 0.00


  INPUT --- proc chmatrix occasions= 6 groups= 1 etype= Huggins ICMeans 
  INPUT --- NoHist hist= 32 ;

  INPUT ---    time  interval 1 1 1 1 1 ;

  INPUT ---    glabel(1)=Group 1;

      Number of unique encounter histories read was 32.

      Number of individual covariates read was 0.
      Time interval lengths are all equal to 1.

      Data type number is 12
      Data type is Huggins' p and c                                                                                    

     CPU Time in seconds for last procedure was 0.00

  Program  MARK  - Survival Rate Estimation with Capture-Recapture Data
   gfortran(Win64) Vers. 8.1 Mar 2016   30-Apr-2017 20:24:55    Page  002
 - - - - - - - - - - - - - - - - - - - - - - - - - - - - - - - - - - - - - -
 


  INPUT --- proc estimate link=Logit NOLOOP varest=2ndPart    ;


  INPUT --- model={ p(~1)c() };

  INPUT ---    group=1 p    rows=1 cols=6 Square ;
  INPUT ---        1 1 1 1 1 1 ;

  INPUT ---    group=1 c    rows=1 cols=5 Square ;
  INPUT ---        1 1 1 1 1 ;

  INPUT ---    design matrix constraints=1 covariates=1 identity;
  INPUT ---       blabel(1)=p:(Intercept);
  INPUT ---       rlabel(1)=p g1 t1;

 Link Function Used is LOGIT        

 Variance Estimation Procedure Used is 2ndPart 

 M(t+1):
     197


 -2logL(saturated) = -575.50905    
 Effective Sample Size = 1182

 Number of function evaluations was 8 for 1 parameters.
 Time for numerical optimization was 0.02 seconds.
 -2logL { p(~1)c() } = 1165.1866     
 Penalty { p(~1)c() } = -0.0000000    
 Gradient { p(~1)c() }:
   0.000000    
 S Vector { p(~1)c() }:
   81.43018    
 Time to compute number of parameters was 0.01 seconds.
   Threshold =  0.4000000E-07     Condition index =   1.000000         New Threshold =   81.43018    
 New Guessimate of Estimated Parameters { p(~1)c() } = 1          
 Conditioned S Vector { p(~1)c() }:
   1.000000    
 Number of Estimated Parameters { p(~1)c() } = 1          
 DEVIANCE { p(~1)c() } = 1740.6957                     
 DEVIANCE Degrees of Freedom { p(~1)c() } = 31            
 c-hat { p(~1)c() } = 56.151473                     
 AIC { p(~1)c() } = 1167.1866                  
 AICc { p(~1)c() } = 1167.1900                    
 BIC { p(~1)c() } = 1172.2616                    
 Pearson Chisquare { p(~1)c() } = 54.039809                  
 Possible Encounter Histories { p(~1)c() } = 63             
 Pearson Chisquare df { p(~1)c() } = 61        
 Pearson chat { p(~1)c() } = 0.8858985                  
 Sum(Observed/Expected) { p(~1)c() } = 61.484858                  
 Fletcher chat { p(~1)c() } = 0.9077293                  


                         LOGIT Link Function Parameters of { p(~1)c() }
                                                              95% Confidence Interval
 Parameter                    Beta         Standard Error      Lower           Upper
 -------------------------  --------------  --------------  --------------  --------------
    1:p:(Intercept)         -1.8018861      0.1108172       -2.0190879      -1.5846843    

  Program  MARK  - Survival Rate Estimation with Capture-Recapture Data
   gfortran(Win64) Vers. 8.1 Mar 2016   30-Apr-2017 20:24:55    Page  003
 - - - - - - - - - - - - - - - - - - - - - - - - - - - - - - - - - - - - - -
 


                         Real Function Parameters of { p(~1)c() }
                                                               95% Confidence Interval
  Parameter                  Estimate       Standard Error      Lower           Upper
 --------------------------  --------------  --------------  --------------  --------------
     1:p g1 t1               0.1416216       0.0134715       0.1172133       0.1701331                           


                     Estimates of Derived Parameters
                   Population Estimates of { p(~1)c() }
                                                95% Confidence Interval
     Group     N-hat        Standard Error      Lower           Upper
 ---------  --------------  --------------  --------------  --------------
       1    328.33969       25.373203       287.25171       388.13339     

     CPU Time in seconds for last procedure was 0.02


  INPUT --- proc stop;

     CPU Time in minutes for this job was 0.00

     Time Start = 20:24:55.750   Time End = 20:24:55.759

     Wall Clock Time in minutes for this job was 0.00


          E X E C U T I O N   S U C C E S S F U L 
