
   Program  MARK  - Survival Rate Estimation with Capture-Recapture Data
   gfortran(Win64) Vers. 8.1 Mar 2016   30-Apr-2017 20:25:57    Page  001
 - - - - - - - - - - - - - - - - - - - - - - - - - - - - - - - - - - - - - -
 
   This version was compiled by GCC version 5.3.0 using the options: 
     -cpp -iprefix c:\tdm-gcc-64\gcc\bin\../lib/gcc/x86_64-w64-mingw32/5.3.0/ -D_MT
     -U_REENTRANT -D IEEE -m64 -mtune=generic -march=x86-64 -mthreads -O2
     -fimplicit-none -fbounds-check -funroll-loops -ftree-vectorize
     -ffpe-summary=invalid,zero,overflow,underflow -fno-unsafe-math-optimizations
     -frounding-math -fsignaling-nans -fopenmp.

   This problem will use 3 of 4 possible threads.


  INPUT --- proc title ;

     CPU Time in seconds for last procedure was 0.00


  INPUT --- proc chmatrix occasions= 4 groups= 1 etype= Huggins ICMeans 
  INPUT --- NoHist hist= 9 ;

  INPUT ---    time  interval 1 1 1 ;

  INPUT ---    glabel(1)=Group 1;

      Number of unique encounter histories read was 9.

      Number of individual covariates read was 0.
      Time interval lengths are all equal to 1.

      Data type number is 12
      Data type is Huggins' p and c                                                                                    

     CPU Time in seconds for last procedure was 0.02

  Program  MARK  - Survival Rate Estimation with Capture-Recapture Data
   gfortran(Win64) Vers. 8.1 Mar 2016   30-Apr-2017 20:25:57    Page  002
 - - - - - - - - - - - - - - - - - - - - - - - - - - - - - - - - - - - - - -
 


  INPUT --- proc estimate link=Logit NOLOOP varest=2ndPart    ;


  INPUT --- model={ p(~1)c() };

  INPUT ---    group=1 p    rows=1 cols=4 Square ;
  INPUT ---        1 1 1 1 ;

  INPUT ---    group=1 c    rows=1 cols=3 Square ;
  INPUT ---        1 1 1 ;

  INPUT ---    design matrix constraints=1 covariates=1 identity;
  INPUT ---       blabel(1)=p:(Intercept);
  INPUT ---       rlabel(1)=p g1 t1;

 Link Function Used is LOGIT        

 Variance Estimation Procedure Used is 2ndPart 

 M(t+1):
      30


 -2logL(saturated) = -31.275086    
 Effective Sample Size = 120

   * *  WARNING  * *   Error number 0 from VA09AD optimization routine. 

 Number of function evaluations was 8 for 1 parameters.
 Time for numerical optimization was 0.01 seconds.
 -2logL { p(~1)c() } = 126.52898     
 Penalty { p(~1)c() } = -0.0000000    
 Gradient { p(~1)c() }:
   0.000000    
 S Vector { p(~1)c() }:
   7.642465    
 Time to compute number of parameters was 0.01 seconds.
   Threshold =  0.4000000E-07     Condition index =   1.000000         New Threshold =   7.642465    
 New Guessimate of Estimated Parameters { p(~1)c() } = 1          
 Conditioned S Vector { p(~1)c() }:
   1.000000    
 Number of Estimated Parameters { p(~1)c() } = 1          
 DEVIANCE { p(~1)c() } = 157.80407                     
 DEVIANCE Degrees of Freedom { p(~1)c() } = 8            
 c-hat { p(~1)c() } = 19.725508                     
 AIC { p(~1)c() } = 128.52898                  
 AICc { p(~1)c() } = 128.56288                    
 BIC { p(~1)c() } = 131.31647                    
 Pearson Chisquare { p(~1)c() } = 7.9157244                  
 Possible Encounter Histories { p(~1)c() } = 15             
 Pearson Chisquare df { p(~1)c() } = 13        
 Pearson chat { p(~1)c() } = 0.6089019                  
 Sum(Observed/Expected) { p(~1)c() } = 11.431130                  
 Fletcher chat { p(~1)c() } = 0.7990048                  


                         LOGIT Link Function Parameters of { p(~1)c() }
                                                              95% Confidence Interval
 Parameter                    Beta         Standard Error      Lower           Upper
 -------------------------  --------------  --------------  --------------  --------------
    1:p:(Intercept)         -1.6888430      0.3617290       -2.3978318      -0.9798542    

  Program  MARK  - Survival Rate Estimation with Capture-Recapture Data
   gfortran(Win64) Vers. 8.1 Mar 2016   30-Apr-2017 20:25:57    Page  003
 - - - - - - - - - - - - - - - - - - - - - - - - - - - - - - - - - - - - - -
 


                         Real Function Parameters of { p(~1)c() }
                                                               95% Confidence Interval
  Parameter                  Estimate       Standard Error      Lower           Upper
 --------------------------  --------------  --------------  --------------  --------------
     1:p g1 t1               0.1559281       0.0476088       0.0833382       0.2729207                           


                     Estimates of Derived Parameters
                   Population Estimates of { p(~1)c() }
                                                95% Confidence Interval
     Group     N-hat        Standard Error      Lower           Upper
 ---------  --------------  --------------  --------------  --------------
       1    60.925534       16.235378       41.758314       111.33723     

     CPU Time in seconds for last procedure was 0.00


  INPUT --- proc stop;

     CPU Time in minutes for this job was 0.00

     Time Start = 20:25:57.224   Time End = 20:25:57.230

     Wall Clock Time in minutes for this job was 0.00


          E X E C U T I O N   S U C C E S S F U L 
