
   Program  MARK  - Survival Rate Estimation with Capture-Recapture Data
   gfortran(Win64) Vers. 8.1 Mar 2016   30-Apr-2017 20:24:49    Page  001
 - - - - - - - - - - - - - - - - - - - - - - - - - - - - - - - - - - - - - -
 
   This version was compiled by GCC version 5.3.0 using the options: 
     -cpp -iprefix c:\tdm-gcc-64\gcc\bin\../lib/gcc/x86_64-w64-mingw32/5.3.0/ -D_MT
     -U_REENTRANT -D IEEE -m64 -mtune=generic -march=x86-64 -mthreads -O2
     -fimplicit-none -fbounds-check -funroll-loops -ftree-vectorize
     -ffpe-summary=invalid,zero,overflow,underflow -fno-unsafe-math-optimizations
     -frounding-math -fsignaling-nans -fopenmp.

   This problem will use 3 of 4 possible threads.


  INPUT --- proc title ;

     CPU Time in seconds for last procedure was 0.00


  INPUT --- proc chmatrix occasions= 4 groups= 1 etype= Huggins icovar 
  INPUT --- = 1 ICMeans NoHist hist=  30 ;

  INPUT ---    time interval 1 1 1 ;

  INPUT ---     icovariates sp ;

  INPUT ---    glabel(1)=Group 1;

      Number of unique encounter histories read was 30.

      Number of individual covariates read was 1.
      Time interval lengths are all equal to 1.

      Data type number is 12
      Data type is Huggins' p and c                                                                                    

     CPU Time in seconds for last procedure was 0.00

  Program  MARK  - Survival Rate Estimation with Capture-Recapture Data
   gfortran(Win64) Vers. 8.1 Mar 2016   30-Apr-2017 20:24:49    Page  002
 - - - - - - - - - - - - - - - - - - - - - - - - - - - - - - - - - - - - - -
 


  INPUT --- proc estimate link=Logit NOLOOP varest=2ndPart    ;


  INPUT --- model={ p(~sp)c() };

  INPUT ---    group=1 p    rows=1 cols=4 Square ;
  INPUT ---        1 1 1 1 ;

  INPUT ---    group=1 c    rows=1 cols=3 Square ;
  INPUT ---        1 1 1 ;

  INPUT ---    design matrix constraints=1 covariates=2;
  INPUT ---        1 sp;
  INPUT ---       blabel(1)=p:(Intercept);
  INPUT ---       blabel(2)=p:sp;
  INPUT ---       rlabel(1)=p g1 t1;

 Link Function Used is LOGIT        

 Variance Estimation Procedure Used is 2ndPart 

 M(t+1):
      30


 -2logL(saturated) = -0.0000000    
 Effective Sample Size = 120

 Number of function evaluations was 16 for 2 parameters.
 Time for numerical optimization was 0.05 seconds.
 -2logL { p(~sp)c() } = 124.83201     
 Penalty { p(~sp)c() } = -0.0000000    
 Gradient { p(~sp)c() }:
  0.2179957E-06 0.2764772E-06
 S Vector { p(~sp)c() }:
   14.41313     0.3689606E-01
 Time to compute number of parameters was 0.01 seconds.
   Threshold =  0.6000000E-07     Condition index =  0.2559893E-02     New Threshold =  0.5217891E-01
 New Guessimate of Estimated Parameters { p(~sp)c() } = 1          
 Conditioned S Vector { p(~sp)c() }:
   1.000000     0.2559893E-02
 Number of Estimated Parameters { p(~sp)c() } = 2          
 DEVIANCE { p(~sp)c() } = 124.83201                     
 DEVIANCE Degrees of Freedom { p(~sp)c() } = 28            
 c-hat { p(~sp)c() } = 4.4582860                     
 AIC { p(~sp)c() } = 128.83201                  
 AICc { p(~sp)c() } = 128.93457                    
 BIC { p(~sp)c() } = 134.40699                    
 Pearson Chisquare { p(~sp)c() } = 318.45758                  


                        LOGIT Link Function Parameters of { p(~sp)c() }
                                                              95% Confidence Interval
 Parameter                    Beta         Standard Error      Lower           Upper
 -------------------------  --------------  --------------  --------------  --------------
    1:p:(Intercept)         -5.5188705      3.6007797       -12.576399      1.5386579     

  Program  MARK  - Survival Rate Estimation with Capture-Recapture Data
   gfortran(Win64) Vers. 8.1 Mar 2016   30-Apr-2017 20:24:49    Page  003
 - - - - - - - - - - - - - - - - - - - - - - - - - - - - - - - - - - - - - -
 
    2:p:sp                  4.1399743       3.7692080       -3.2476735      11.527622     


                        Real Function Parameters of { p(~sp)c() }

      Following estimates based on unstandardized individual covariate values:
          Variable   Value         
          ---------  ------------- 
          SP         0.8921429     
                                                               95% Confidence Interval
  Parameter                  Estimate       Standard Error      Lower           Upper
 --------------------------  --------------  --------------  --------------  --------------
     1:p g1 t1               0.1387846       0.0507969       0.0654724       0.2704322                           


                     Estimates of Derived Parameters
                  Population Estimates of { p(~sp)c() }
                                                95% Confidence Interval
     Group     N-hat        Standard Error      Lower           Upper
 ---------  --------------  --------------  --------------  --------------
       1    78.823725       46.191635       40.187055       263.99855     

     CPU Time in seconds for last procedure was 0.05

  Program  MARK  - Survival Rate Estimation with Capture-Recapture Data
   gfortran(Win64) Vers. 8.1 Mar 2016   30-Apr-2017 20:24:49    Page  004
 - - - - - - - - - - - - - - - - - - - - - - - - - - - - - - - - - - - - - -
 


  INPUT --- proc stop;

     CPU Time in minutes for this job was 0.00

     Time Start = 20:24:49.548   Time End = 20:24:49.564

     Wall Clock Time in minutes for this job was 0.00


          E X E C U T I O N   S U C C E S S F U L 
